{"/home/filippo/UNI/SSGS/ssgs-calc/src/functions.js": {"path":"/home/filippo/UNI/SSGS/ssgs-calc/src/functions.js","statementMap":{"0":{"start":{"line":2,"column":2},"end":{"line":2,"column":15}},"1":{"start":{"line":6,"column":2},"end":{"line":6,"column":15}},"2":{"start":{"line":10,"column":2},"end":{"line":10,"column":15}},"3":{"start":{"line":14,"column":2},"end":{"line":17,"column":3}},"4":{"start":{"line":15,"column":4},"end":{"line":15,"column":54}},"5":{"start":{"line":16,"column":4},"end":{"line":16,"column":16}},"6":{"start":{"line":18,"column":2},"end":{"line":18,"column":15}},"7":{"start":{"line":22,"column":2},"end":{"line":22,"column":24}},"8":{"start":{"line":25,"column":0},"end":{"line":31,"column":2}}},"fnMap":{"0":{"name":"sum","decl":{"start":{"line":1,"column":9},"end":{"line":1,"column":12}},"loc":{"start":{"line":1,"column":20},"end":{"line":3,"column":1}},"line":1},"1":{"name":"sub","decl":{"start":{"line":5,"column":9},"end":{"line":5,"column":12}},"loc":{"start":{"line":5,"column":20},"end":{"line":7,"column":1}},"line":5},"2":{"name":"mul","decl":{"start":{"line":9,"column":9},"end":{"line":9,"column":12}},"loc":{"start":{"line":9,"column":20},"end":{"line":11,"column":1}},"line":9},"3":{"name":"div","decl":{"start":{"line":13,"column":9},"end":{"line":13,"column":12}},"loc":{"start":{"line":13,"column":20},"end":{"line":19,"column":1}},"line":13},"4":{"name":"pow","decl":{"start":{"line":21,"column":9},"end":{"line":21,"column":12}},"loc":{"start":{"line":21,"column":20},"end":{"line":23,"column":1}},"line":21}},"branchMap":{"0":{"loc":{"start":{"line":14,"column":2},"end":{"line":17,"column":3}},"type":"if","locations":[{"start":{"line":14,"column":2},"end":{"line":17,"column":3}},{"start":{},"end":{}}],"line":14}},"s":{"0":2,"1":1,"2":1,"3":2,"4":1,"5":1,"6":1,"7":1,"8":1},"f":{"0":2,"1":1,"2":1,"3":2,"4":1},"b":{"0":[1,1]},"_coverageSchema":"1a1c01bbd47fc00a2c39e90264f33305004495a9","hash":"4e7c2e2e7ca6ae926b919743214831c673d3c992"}
}
